<?xml version="1.0" encoding="UTF-8"?>
<robot generator="Robot 3.2.2 (Python 3.6.5 on win32)" generated="20210619 10:41:07.594" rpa="false">
<suite id="s1" name="Flipkart" source="C:\Users\c\PycharmProjects\flipcart\tests\flipkart.robot">
<test id="s1-t1" name="Flipkart open">
<kw name="Open Browser" library="SeleniumLibrary">
<doc>Opens a new browser instance to the optional ``url``.</doc>
<arguments>
<arg>http://www.flipkart.com</arg>
<arg>chrome</arg>
</arguments>
<msg timestamp="20210619 10:41:08.155" level="INFO">Opening browser 'chrome' to base url 'http://www.flipkart.com'.</msg>
<status status="PASS" starttime="20210619 10:41:08.155" endtime="20210619 10:41:18.269"></status>
</kw>
<kw name="Sleep" library="BuiltIn">
<doc>Pauses the test executed for the given time.</doc>
<arguments>
<arg>2s</arg>
</arguments>
<msg timestamp="20210619 10:41:20.310" level="INFO">Slept 2 seconds</msg>
<status status="PASS" starttime="20210619 10:41:18.305" endtime="20210619 10:41:20.310"></status>
</kw>
<kw name="Input Text" library="SeleniumLibrary">
<doc>Types the given ``text`` into the text field identified by ``locator``.</doc>
<arguments>
<arg>//html/body/div[2]/div/div/div/div/div[2]/div/form/div[1]/input</arg>
<arg>yalamatisindhu@gmail.com</arg>
</arguments>
<msg timestamp="20210619 10:41:20.322" level="INFO">Typing text 'yalamatisindhu@gmail.com' into text field '//html/body/div[2]/div/div/div/div/div[2]/div/form/div[1]/input'.</msg>
<kw name="Capture Page Screenshot" library="SeleniumLibrary">
<doc>Takes a screenshot of the current page and embeds it into a log file.</doc>
<msg timestamp="20210619 10:41:20.354" level="FAIL">NoSuchWindowException: Message: no such window: target window already closed
from unknown error: web view not found
  (Session info: chrome=91.0.4472.106)
</msg>
<status status="FAIL" starttime="20210619 10:41:20.327" endtime="20210619 10:41:20.354"></status>
</kw>
<msg timestamp="20210619 10:41:20.354" level="WARN">Keyword 'Capture Page Screenshot' could not be run on failure: NoSuchWindowException: Message: no such window: target window already closed
from unknown error: web view not found
  (Session info: chrome=91.0.4472.106)
</msg>
<msg timestamp="20210619 10:41:20.402" level="FAIL">NoSuchWindowException: Message: no such window: target window already closed
from unknown error: web view not found
  (Session info: chrome=91.0.4472.106)
</msg>
<status status="FAIL" starttime="20210619 10:41:20.321" endtime="20210619 10:41:20.403"></status>
</kw>
<status status="FAIL" starttime="20210619 10:41:08.154" endtime="20210619 10:41:20.406" critical="yes">NoSuchWindowException: Message: no such window: target window already closed
from unknown error: web view not found
  (Session info: chrome=91.0.4472.106)
</status>
</test>
<status status="FAIL" starttime="20210619 10:41:07.598" endtime="20210619 10:41:20.409"></status>
</suite>
<statistics>
<total>
<stat pass="0" fail="1">Critical Tests</stat>
<stat pass="0" fail="1">All Tests</stat>
</total>
<tag>
</tag>
<suite>
<stat pass="0" fail="1" id="s1" name="Flipkart">Flipkart</stat>
</suite>
</statistics>
<errors>
<msg timestamp="20210619 10:41:20.354" level="WARN">Keyword 'Capture Page Screenshot' could not be run on failure: NoSuchWindowException: Message: no such window: target window already closed
from unknown error: web view not found
  (Session info: chrome=91.0.4472.106)
</msg>
</errors>
</robot>
